C51 COMPILER V9.54   MAIN                                                                  10/18/2025 20:57:04 PAGE 1   


C51 COMPILER V9.54, COMPILATION OF MODULE MAIN
OBJECT MODULE PLACED IN .\Objects\main.obj
COMPILER INVOKED BY: D:\keil\C51\BIN\C51.EXE main.c OPTIMIZE(8,SPEED) BROWSE DEBUG OBJECTEXTEND PRINT(.\Listings\main.ls
                    -t) TABS(2) OBJECT(.\Objects\main.obj)

line level    source

   1          #include <STC89C5xRC.H>
   2          #include <tntrins.h>
*** WARNING C318 IN LINE 2 OF main.c: can't open file 'tntrins.h'
   3          void Delay1ms(unsigned int xms) //@11.0592MHz
   4          {
   5   1          while(xms)
   6   1      {
   7   2        unsigned char data i, j;
   8   2      
   9   2        _nop_();
  10   2        _nop_();
  11   2        _nop_();
  12   2        i = 11;
  13   2        j = 190;
  14   2        do
  15   2        {
  16   3          while (--j);
  17   3        } while (--i);
  18   2          xms--;
  19   2      }
  20   1      }
  21          int main()
  22          {
  23   1      while(1)
  24   1      { 
  25   2      
  26   2          P2 = 0xFE;//1111 1110
  27   2           Delay1ms(20);
  28   2          P2 = 0xFD; //1111 1101
  29   2           Delay1ms(20);
  30   2          P2 = 0xFB; //1111 1011
  31   2           Delay1ms(20);
  32   2          P2 = 0xF7; //1111 0111
  33   2           Delay1ms(20);
  34   2          P2 = 0xEF; //1110 1111
  35   2           Delay1ms(20);
  36   2          P2 = 0xDF; //1101 1111
  37   2           Delay1ms(20);
  38   2          P2 = 0xBF; //1011 1111
  39   2           Delay1ms(20);
  40   2          P2 = 0x7F; //0111 1111
  41   2           Delay1ms(20);
  42   2      }
  43   1      
  44   1          return 0;
  45   1      
  46   1      
  47   1      
  48   1      
  49   1      }
*** WARNING C294 IN LINE 44 OF main.c: unreachable code


MODULE INFORMATION:   STATIC OVERLAYABLE
C51 COMPILER V9.54   MAIN                                                                  10/18/2025 20:57:04 PAGE 2   

   CODE SIZE        =     81    ----
   CONSTANT SIZE    =   ----    ----
   XDATA SIZE       =   ----    ----
   PDATA SIZE       =   ----    ----
   DATA SIZE        =   ----       2
   IDATA SIZE       =   ----    ----
   BIT SIZE         =   ----    ----
END OF MODULE INFORMATION.


C51 COMPILATION COMPLETE.  2 WARNING(S),  0 ERROR(S)
