C51 COMPILER V9.54   MAIN                                                                  10/26/2025 15:57:50 PAGE 1   


C51 COMPILER V9.54, COMPILATION OF MODULE MAIN
OBJECT MODULE PLACED IN .\Objects\main.obj
COMPILER INVOKED BY: D:\keil\C51\BIN\C51.EXE main.c OPTIMIZE(8,SPEED) BROWSE DEBUG OBJECTEXTEND PRINT(.\Listings\main.ls
                    -t) TABS(2) OBJECT(.\Objects\main.obj)

line level    source

   1          #include <STC89C5xRC.H>
   2          unsigned char Nixietable[]={0x3F,0x06,0x5B,0x4F,0x66,0x6D,0x7D,0x07,0x7F,0x6F};
   3          void Nixie(unsigned char location,unsigned char number)
   4          {
   5   1          switch(location)//段选
   6   1          {
   7   2              case 1:P24 = 1; P23 = 1; P22 = 1; break;
   8   2              case 2:P24 = 1; P23 = 1; P22 = 0; break;
   9   2              case 3:P24 = 1; P23 = 0; P22 = 1; break;
  10   2              case 4:P24 = 1; P23 = 0; P22 = 0; break;
  11   2              case 5:P24 = 0; P23 = 1; P22 = 1; break;
  12   2              case 6:P24 = 0; P23 = 1; P22 = 0; break;
  13   2              case 7:P24 = 0; P23 = 0; P22 = 1; break;
  14   2              case 8:P24 = 0; P23 = 0; P22 = 0; break;
  15   2      
  16   2      
  17   2          }
  18   1          P0 = Nixietable[number];//位选
  19   1          //P0 = 0x5B;
  20   1      }
  21          int main()
  22          {
  23   1          Nixie(8,3);
  24   1          while(1)
  25   1          {
  26   2          
  27   2          }
  28   1      }


MODULE INFORMATION:   STATIC OVERLAYABLE
   CODE SIZE        =    108    ----
   CONSTANT SIZE    =   ----    ----
   XDATA SIZE       =   ----    ----
   PDATA SIZE       =   ----    ----
   DATA SIZE        =     10    ----
   IDATA SIZE       =   ----    ----
   BIT SIZE         =   ----    ----
END OF MODULE INFORMATION.


C51 COMPILATION COMPLETE.  0 WARNING(S),  0 ERROR(S)
