C51 COMPILER V9.54   MAIN                                                                  10/19/2025 14:38:32 PAGE 1   


C51 COMPILER V9.54, COMPILATION OF MODULE MAIN
OBJECT MODULE PLACED IN .\Objects\main.obj
COMPILER INVOKED BY: D:\keil\C51\BIN\C51.EXE main.c OPTIMIZE(8,SPEED) BROWSE DEBUG OBJECTEXTEND PRINT(.\Listings\main.ls
                    -t) TABS(2) OBJECT(.\Objects\main.obj)

line level    source

   1          #include <STC89C5xRC.H>
   2          int main()
   3          {
   4   1      while(1)
   5   1      {
   6   2          /*if(P31==0)
   7   2          {
   8   2              P20 = 0;
   9   2          }
  10   2         else
  11   2         P20 = 1;
  12   2         */
  13   2        P20=P31;
  14   2      }
  15   1      
  16   1      
  17   1          return 0;
  18   1      }
*** WARNING C294 IN LINE 17 OF main.c: unreachable code


MODULE INFORMATION:   STATIC OVERLAYABLE
   CODE SIZE        =      6    ----
   CONSTANT SIZE    =   ----    ----
   XDATA SIZE       =   ----    ----
   PDATA SIZE       =   ----    ----
   DATA SIZE        =   ----    ----
   IDATA SIZE       =   ----    ----
   BIT SIZE         =   ----    ----
END OF MODULE INFORMATION.


C51 COMPILATION COMPLETE.  1 WARNING(S),  0 ERROR(S)
