C51 COMPILER V9.54   MAIN                                                                  10/18/2025 20:23:50 PAGE 1   


C51 COMPILER V9.54, COMPILATION OF MODULE MAIN
OBJECT MODULE PLACED IN .\Objects\main.obj
COMPILER INVOKED BY: D:\keil\C51\BIN\C51.EXE main.c OPTIMIZE(8,SPEED) BROWSE DEBUG OBJECTEXTEND PRINT(.\Listings\main.ls
                    -t) TABS(2) OBJECT(.\Objects\main.obj)

line level    source

   1          #include <STC89C5xRC.H>
   2          #include <tntrins.h>
*** WARNING C318 IN LINE 2 OF main.c: can't open file 'tntrins.h'
   3          void Delay200ms(void) //@11.0592MHz
   4          {
   5   1        unsigned char data i, j, k;
   6   1      
   7   1        _nop_();
   8   1        _nop_();
   9   1        i = 9;
  10   1        j = 104;
  11   1        k = 139;
  12   1        do
  13   1        {
  14   2          do
  15   2          {
  16   3            while (--k);
  17   3          } while (--j);
  18   2        } while (--i);
  19   1      }
  20          
  21          
  22          int main ()
  23          {
  24   1      while(1)
  25   1      { 
  26   2      
  27   2          P2 = 0xFE;//1111 1110
  28   2           Delay200ms();
  29   2          P2 = 0xFD; //1111 1101
  30   2           Delay200ms();
  31   2          P2 = 0xFB; //1111 1011
  32   2           Delay200ms();
  33   2          P2 = 0xF7; //1111 0111
  34   2           Delay200ms();
  35   2          P2 = 0xEF; //1110 1111
  36   2           Delay200ms();
  37   2          P2 = 0xDF; //1101 1111
  38   2           Delay200ms();
  39   2          P2 = 0xBF; //1011 1111
  40   2           Delay200ms();
  41   2          P2 = 0x7F; //0111 1111
  42   2           Delay200ms();
  43   2      }
  44   1      
  45   1          return 0;
  46   1      }
*** WARNING C294 IN LINE 45 OF main.c: unreachable code


MODULE INFORMATION:   STATIC OVERLAYABLE
   CODE SIZE        =     65    ----
   CONSTANT SIZE    =   ----    ----
   XDATA SIZE       =   ----    ----
C51 COMPILER V9.54   MAIN                                                                  10/18/2025 20:23:50 PAGE 2   

   PDATA SIZE       =   ----    ----
   DATA SIZE        =   ----    ----
   IDATA SIZE       =   ----    ----
   BIT SIZE         =   ----    ----
END OF MODULE INFORMATION.


C51 COMPILATION COMPLETE.  2 WARNING(S),  0 ERROR(S)
