C51 COMPILER V9.54   MAIN                                                                  10/18/2025 19:46:20 PAGE 1   


C51 COMPILER V9.54, COMPILATION OF MODULE MAIN
OBJECT MODULE PLACED IN .\Objects\main.obj
COMPILER INVOKED BY: D:\keil\C51\BIN\C51.EXE main.c OPTIMIZE(8,SPEED) BROWSE DEBUG OBJECTEXTEND PRINT(.\Listings\main.ls
                    -t) TABS(2) OBJECT(.\Objects\main.obj)

line level    source

   1          #include <STC89C5xRC.H>
   2          #include <TNTRINS.H>
*** WARNING C318 IN LINE 2 OF main.c: can't open file 'TNTRINS.H'
   3          void Delay500ms(void) //@11.0592MHz
   4          {
   5   1        unsigned char data i, j, k;
   6   1      
   7   1        _nop_();
   8   1        _nop_();
   9   1        i = 22;
  10   1        j = 3;
  11   1        k = 227;
  12   1        do
  13   1        {
  14   2          do
  15   2          {
  16   3            while (--k);
  17   3          } while (--j);
  18   2        } while (--i);
  19   1      }
  20          
  21          int main()
  22          {
  23   1          while(1)
  24   1      {
  25   2           P2 = 0xFE;//1111 1110
  26   2           Delay500ms();
  27   2          P2 = 0xFF;//1111 1111
  28   2          Delay500ms();
  29   2         
  30   2      } 
  31   1          return 0;
  32   1      }
*** WARNING C294 IN LINE 31 OF main.c: unreachable code


MODULE INFORMATION:   STATIC OVERLAYABLE
   CODE SIZE        =     29    ----
   CONSTANT SIZE    =   ----    ----
   XDATA SIZE       =   ----    ----
   PDATA SIZE       =   ----    ----
   DATA SIZE        =   ----    ----
   IDATA SIZE       =   ----    ----
   BIT SIZE         =   ----    ----
END OF MODULE INFORMATION.


C51 COMPILATION COMPLETE.  2 WARNING(S),  0 ERROR(S)
