C51 COMPILER V9.54   MAIN                                                                  10/26/2025 11:44:18 PAGE 1   


C51 COMPILER V9.54, COMPILATION OF MODULE MAIN
OBJECT MODULE PLACED IN .\Objects\main.obj
COMPILER INVOKED BY: D:\keil\C51\BIN\C51.EXE main.c OPTIMIZE(8,SPEED) BROWSE DEBUG OBJECTEXTEND PRINT(.\Listings\main.ls
                    -t) TABS(2) OBJECT(.\Objects\main.obj)

line level    source

   1          #include <STC89C5xRC.H>
   2          #include <tntrins.h>
*** WARNING C318 IN LINE 2 OF main.c: can't open file 'tntrins.h'
   3          void Delay(unsigned int xms)  //@11.0592MHz
   4          {
   5   1          while (xms)
   6   1          {
   7   2              /* code */
   8   2          
   9   2          
  10   2        unsigned char data i, j;
  11   2      
  12   2        _nop_();
  13   2        _nop_();
  14   2        _nop_();
  15   2        i = 11;
  16   2        j = 190;
  17   2        do
  18   2        {
  19   3          while (--j);
  20   3        } while (--i);
  21   2          xms--;
  22   2          }
  23   1      }
  24          unsigned char Lednum = 0;
  25          int main()
  26          {
  27   1          while (1)
  28   1          {
  29   2              /* code */
  30   2          
  31   2          
  32   2          if(P31==0)
  33   2          {
  34   3              Delay(15);
  35   3              while (P31==0)
  36   3              {
  37   4                  /* code */
  38   4              }
  39   3              Delay(15);
  40   3              if(Lednum>=8)
  41   3              Lednum = 0;
  42   3              P2 = ~(0x01<<Lednum);
  43   3              Lednum++;
  44   3      
  45   3              
  46   3          }
  47   2          if(P30 == 0)
  48   2              {
  49   3                      Delay(15);
  50   3                      while (P30 == 0);
  51   3                      Delay(15);
  52   3                      if(Lednum == 0)
  53   3              {
C51 COMPILER V9.54   MAIN                                                                  10/26/2025 11:44:18 PAGE 2   

  54   4                      LEDnum = 7;
*** ERROR C202 IN LINE 54 OF main.c: 'LEDnum': undefined identifier
  55   4                      //P27 = 0;
  56   4                      P2 = ~(0x01<<Lednum);
  57   4              } 
  58   3              else
  59   3              {  
  60   4                      
  61   4                      Lednum--;
  62   4                      P2 = ~(0x01<<Lednum);
  63   4              } 
  64   3          
  65   3          
  66   3              
  67   3          
  68   3          }
  69   2      }
  70   1      
*** ERROR C141 IN LINE 70 OF main.c: syntax error near ''

C51 COMPILATION COMPLETE.  1 WARNING(S),  2 ERROR(S)
